endgame cap ON (209,698 exact states) + pincer frozen agent
model=models/value_gvi_latest.pt cap=600000 eps=0.001
  enum 2000 states (3s, frontier 13928)
  enum 4000 states (7s, frontier 29809)
  enum 6000 states (11s, frontier 43789)
  enum 8000 states (15s, frontier 51406)
  enum 10000 states (17s, frontier 61830)
  enum 12000 states (20s, frontier 73584)
  enum 14000 states (22s, frontier 82784)
  enum 16000 states (25s, frontier 92487)
  enum 18000 states (29s, frontier 99244)
  enum 20000 states (32s, frontier 106874)
  enum 22000 states (37s, frontier 118364)
  enum 24000 states (41s, frontier 128380)
  enum 26000 states (44s, frontier 137675)
  enum 28000 states (48s, frontier 149257)
  enum 30000 states (51s, frontier 158485)
  enum 32000 states (56s, frontier 171000)
  enum 34000 states (60s, frontier 179139)
  enum 36000 states (63s, frontier 188446)
  enum 38000 states (67s, frontier 192150)
  enum 40000 states (72s, frontier 197850)
  enum 42000 states (75s, frontier 200490)
  enum 44000 states (79s, frontier 206376)
  enum 46000 states (83s, frontier 216673)
  enum 48000 states (86s, frontier 227198)
  enum 50000 states (90s, frontier 236035)
  enum 52000 states (93s, frontier 237008)
  enum 54000 states (96s, frontier 239186)
  enum 56000 states (99s, frontier 243739)
  enum 58000 states (102s, frontier 251428)
  enum 60000 states (105s, frontier 258907)
  enum 62000 states (108s, frontier 266482)
  enum 64000 states (110s, frontier 273810)
  enum 66000 states (114s, frontier 280378)
  enum 68000 states (133s, frontier 278378)
  enum 70000 states (158s, frontier 276378)
  enum 72000 states (178s, frontier 274378)
  enum 74000 states (202s, frontier 272378)
  enum 76000 states (223s, frontier 270378)
  enum 78000 states (240s, frontier 268378)
  enum 80000 states (258s, frontier 266378)
  enum 82000 states (278s, frontier 264378)
  enum 84000 states (295s, frontier 262378)
  enum 86000 states (307s, frontier 260378)
  enum 88000 states (322s, frontier 258378)
  enum 90000 states (334s, frontier 256378)
  enum 92000 states (344s, frontier 254378)
  enum 94000 states (361s, frontier 252378)
  enum 96000 states (373s, frontier 250378)
  enum 98000 states (391s, frontier 248378)
  enum 100000 states (402s, frontier 246378)
  enum 102000 states (413s, frontier 244378)
  enum 104000 states (426s, frontier 242378)
  enum 106000 states (437s, frontier 240378)
  enum 108000 states (448s, frontier 238378)
  enum 110000 states (466s, frontier 236378)
  enum 112000 states (488s, frontier 234378)
  enum 114000 states (516s, frontier 232378)
  enum 116000 states (538s, frontier 230378)
  enum 118000 states (556s, frontier 228378)
  enum 120000 states (570s, frontier 226378)
  enum 122000 states (599s, frontier 224378)
  enum 124000 states (618s, frontier 222378)
  enum 126000 states (659s, frontier 220378)
  enum 128000 states (689s, frontier 218378)
  enum 130000 states (708s, frontier 216378)
  enum 132000 states (743s, frontier 214378)
  enum 134000 states (780s, frontier 212378)
  enum 136000 states (800s, frontier 210378)
  enum 138000 states (820s, frontier 208378)
  enum 140000 states (831s, frontier 206378)
  enum 142000 states (854s, frontier 204378)
  enum 144000 states (873s, frontier 202378)
  enum 146000 states (889s, frontier 200378)
  enum 148000 states (909s, frontier 198378)
  enum 150000 states (927s, frontier 196378)
  enum 152000 states (944s, frontier 194378)
  enum 154000 states (953s, frontier 192378)
  enum 156000 states (968s, frontier 190378)
  enum 158000 states (981s, frontier 188378)
  enum 160000 states (992s, frontier 186378)
  enum 162000 states (1005s, frontier 184378)
  enum 164000 states (1021s, frontier 182378)
  enum 166000 states (1029s, frontier 180378)
  enum 168000 states (1038s, frontier 178378)
  enum 170000 states (1059s, frontier 176378)
  enum 172000 states (1095s, frontier 174378)
  enum 174000 states (1108s, frontier 172378)
  enum 176000 states (1113s, frontier 170378)
  enum 178000 states (1121s, frontier 168378)
  enum 180000 states (1133s, frontier 166378)
  enum 182000 states (1151s, frontier 164378)
  enum 184000 states (1162s, frontier 162378)
  enum 186000 states (1178s, frontier 160378)
  enum 188000 states (1202s, frontier 158378)
  enum 190000 states (1216s, frontier 156378)
  enum 192000 states (1233s, frontier 154378)
  enum 194000 states (1259s, frontier 152378)
  enum 196000 states (1275s, frontier 150378)
  enum 198000 states (1293s, frontier 148378)
  enum 200000 states (1310s, frontier 146378)
  enum 202000 states (1336s, frontier 144378)
  enum 204000 states (1360s, frontier 142378)
  enum 206000 states (1388s, frontier 140378)
  enum 208000 states (1413s, frontier 138378)
  enum 210000 states (1428s, frontier 136378)
  enum 212000 states (1436s, frontier 134378)
  enum 214000 states (1450s, frontier 132378)
  enum 216000 states (1462s, frontier 130378)
  enum 218000 states (1473s, frontier 128378)
  enum 220000 states (1487s, frontier 126378)
  enum 222000 states (1515s, frontier 124378)
  enum 224000 states (1529s, frontier 122378)
  enum 226000 states (1543s, frontier 120378)
  enum 228000 states (1549s, frontier 118378)
  enum 230000 states (1558s, frontier 116378)
  enum 232000 states (1571s, frontier 114378)
  enum 234000 states (1599s, frontier 112378)
  enum 236000 states (1623s, frontier 110378)
  enum 238000 states (1633s, frontier 108378)
  enum 240000 states (1637s, frontier 106378)
  enum 242000 states (1644s, frontier 104378)
  enum 244000 states (1655s, frontier 102378)
  enum 246000 states (1668s, frontier 100378)
  enum 248000 states (1682s, frontier 98378)
  enum 250000 states (1693s, frontier 96378)
  enum 252000 states (1714s, frontier 94378)
  enum 254000 states (1734s, frontier 92378)
  enum 256000 states (1745s, frontier 90378)
  enum 258000 states (1751s, frontier 88378)
  enum 260000 states (1760s, frontier 86378)
  enum 262000 states (1773s, frontier 84378)
  enum 264000 states (1782s, frontier 82378)
  enum 266000 states (1807s, frontier 80378)
  enum 268000 states (1826s, frontier 78378)
  enum 270000 states (1840s, frontier 76378)
  enum 272000 states (1854s, frontier 74378)
  enum 274000 states (1868s, frontier 72378)
  enum 276000 states (1875s, frontier 70378)
  enum 278000 states (1889s, frontier 68378)
  enum 280000 states (1915s, frontier 66378)
  enum 282000 states (1932s, frontier 64378)
  enum 284000 states (1947s, frontier 62378)
  enum 286000 states (1957s, frontier 60378)
  enum 288000 states (1969s, frontier 58378)
  enum 290000 states (1974s, frontier 56378)
  enum 292000 states (1981s, frontier 54378)
  enum 294000 states (1985s, frontier 52378)
  enum 296000 states (1989s, frontier 50378)
  enum 298000 states (1993s, frontier 48378)
  enum 300000 states (2002s, frontier 46378)
  enum 302000 states (2009s, frontier 44378)
  enum 304000 states (2017s, frontier 42378)
  enum 306000 states (2025s, frontier 40378)
  enum 308000 states (2034s, frontier 38378)
  enum 310000 states (2049s, frontier 36378)
  enum 312000 states (2057s, frontier 34378)
  enum 314000 states (2065s, frontier 32378)
  enum 316000 states (2074s, frontier 30378)
  enum 318000 states (2086s, frontier 28378)
  enum 320000 states (2094s, frontier 26378)
  enum 322000 states (2102s, frontier 24378)
  enum 324000 states (2109s, frontier 22378)
  enum 326000 states (2118s, frontier 20378)
  enum 328000 states (2125s, frontier 18378)
  enum 330000 states (2133s, frontier 16378)
  enum 332000 states (2141s, frontier 14378)
  enum 334000 states (2150s, frontier 12378)
  enum 336000 states (2156s, frontier 10378)
  enum 338000 states (2162s, frontier 8378)
  enum 340000 states (2170s, frontier 6378)
  enum 342000 states (2177s, frontier 4378)
  enum 344000 states (2182s, frontier 2378)
  enum 346000 states (2189s, frontier 378)
enumerated 346378 states in 2190s (cap 600000, endgame leaves 278777, depth leaves 27986787)
VI engine: njit
  flattened: 7,082,646 internal edges (8.3s)
  BR-VI(njit) sweep 100: max_delta 4.27e-04
  BR-VI(njit) sweep 200: max_delta 1.95e-05
  BR-VI(njit) sweep 300: max_delta 8.91e-07
  BR-VI(njit) sweep 371: max_delta 9.97e-08

states=346378  hit_cap=False  enum=2191s vi=19s
attacker_value seat0=0.1379 seat1=0.0093 mean=0.0736
EXACT attacker win-rate ≈ 0.5368  (sweeps 371, converged True)
sanity: graph-BR (exact) should be ≥ PPO lower bound (gvi 0.44 / depth 0.54). hit_cap=True ⇒ under-estimate.
